<?xml version="1.0" encoding="UTF-8"?>
<!-- Generated by org.testng.reporters.JUnitXMLReporter -->
<testsuite ignored="0" hostname="PK" failures="0" tests="4" name="Test3" time="0.094" errors="0" timestamp="2025-03-26T21:02:59 IST">
  <testcase classname="ParallelExecution.Testclass3" name="Test10" time="0.015"/>
  <testcase classname="ParallelExecution.Testclass3" name="Test11" time="0.003"/>
  <testcase classname="ParallelExecution.Testclass3" name="Test12" time="0.004"/>
  <testcase classname="ParallelExecution.Testclass3" name="Test9" time="0.002"/>
</testsuite> <!-- Test3 -->
