<?xml version="1.0" encoding="UTF-8"?>
<!-- Generated by org.testng.reporters.JUnitXMLReporter -->
<testsuite ignored="0" hostname="PK" failures="1" tests="3" name="Test" time="23.498" errors="0" timestamp="2025-03-26T23:22:47 IST">
  <testcase classname="Listeners.Example_for_Listener" name="HYR" time="15.422">
    <failure type="java.lang.AssertionError" message="expected [true] but found [false]">
      <![CDATA[java.lang.AssertionError: expected [true] but found [false]
at Listeners.Example_for_Listener.HYR(Example_for_Listener.java:20)
at java.base/java.util.ArrayList.forEach(ArrayList.java:1597)
... Removed 29 stack frames]]>
    </failure>
  </testcase> <!-- HYR -->
  <testcase classname="Listeners.Example_for_Listener" name="Google" time="8.003"/>
  <testcase classname="Listeners.Example_for_Listener" name="ORANGEHRM" time="0.0">
    <skipped/>
  </testcase> <!-- ORANGEHRM -->
</testsuite> <!-- Test -->
