<?xml version="1.0" encoding="UTF-8"?>
<!-- Generated by org.testng.reporters.JUnitXMLReporter -->
<testsuite ignored="0" hostname="PK" failures="0" tests="4" name="Testlevel1" time="0.12" errors="0" timestamp="2025-03-26T21:23:46 IST">
  <testcase classname="ParallelExecution.Testclass1" name="Test1" time="0.023"/>
  <testcase classname="ParallelExecution.Testclass1" name="Test3" time="0.023"/>
  <testcase classname="ParallelExecution.Testclass1" name="Test4" time="0.023"/>
  <testcase classname="ParallelExecution.Testclass1" name="Test2" time="0.023"/>
</testsuite> <!-- Testlevel1 -->
