<?xml version="1.0" encoding="UTF-8"?>
<testng-results ignored="0" total="1" passed="1" failed="0" skipped="0">
  <reporter-output>
  </reporter-output>
  <suite started-at="2025-03-28T18:26:00 IST" name="Default suite" finished-at="2025-03-28T18:26:45 IST" duration-ms="44405">
    <groups>
    </groups>
    <test started-at="2025-03-28T18:26:00 IST" name="Default test" finished-at="2025-03-28T18:26:45 IST" duration-ms="44405">
      <class name="Testclasses.Tables">
        <test-method signature="Test1()[pri:0, instance:Testclasses.Tables@e4487af]" started-at="2025-03-28T18:26:00 IST" name="Test1" finished-at="2025-03-28T18:26:45 IST" duration-ms="44342" status="PASS">
          <reporter-output>
          </reporter-output>
        </test-method> <!-- Test1 -->
      </class> <!-- Testclasses.Tables -->
    </test> <!-- Default test -->
  </suite> <!-- Default suite -->
</testng-results>
