<?xml version="1.0" encoding="UTF-8"?>
<testng-results ignored="0" total="1" passed="1" failed="0" skipped="0">
  <reporter-output>
  </reporter-output>
  <suite started-at="2025-02-17T21:01:53 IST" name="Default suite" finished-at="2025-02-17T21:02:42 IST" duration-ms="48982">
    <groups>
    </groups>
    <test started-at="2025-02-17T21:01:53 IST" name="Default test" finished-at="2025-02-17T21:02:42 IST" duration-ms="48982">
      <class name="Testclasses.Google">
        <test-method signature="setup()[pri:0, instance:Testclasses.Google@5542c4ed]" started-at="2025-02-17T21:01:53 IST" name="setup" finished-at="2025-02-17T21:02:42 IST" duration-ms="48910" status="PASS">
          <reporter-output>
          </reporter-output>
        </test-method> <!-- setup -->
      </class> <!-- Testclasses.Google -->
    </test> <!-- Default test -->
  </suite> <!-- Default suite -->
</testng-results>
