<?xml version="1.0" encoding="UTF-8"?>
<!-- Generated by org.testng.reporters.JUnitXMLReporter -->
<testsuite ignored="0" hostname="PK" failures="0" tests="7" name="Test" time="89.985" errors="0" timestamp="2025-03-23T17:13:23 IST">
  <testcase classname="Testclasses.TakeScreenshot" name="screenshot" time="16.214"/>
  <testcase classname="Testclasses.Date_Picker" name="setup" time="14.751"/>
  <testcase classname="Testclasses.Google" name="setup" time="32.72"/>
  <testcase classname="Testclasses.windohandle" name="windohandlestest" time="19.728"/>
  <testcase classname="Testclasses.practice1" name="test" time="0.006"/>
  <testcase classname="Testclasses.Tables" name="Test1" time="51.475"/>
  <testcase classname="Testclasses.ExcelSheet" name="test" time="39.193"/>
</testsuite> <!-- Test -->
